listCategories called with langId: 1
Returning: Array
(
    [0] => Array
        (
            [id] => 3
            [name] => Vêtements
            [description] => 
            [active] => 1
        )

    [1] => Array
        (
            [id] => 6
            [name] => Accessoires
            [description] => 
            [active] => 1
        )

    [2] => Array
        (
            [id] => 9
            [name] => Art
            [description] => 
            [active] => 1
        )

)

listCategories called with langId: 1
Returning: Array
(
    [0] => Array
        (
            [id] => 3
            [name] => Vêtements
            [description] => 
            [active] => 1
        )

    [1] => Array
        (
            [id] => 6
            [name] => Accessoires
            [description] => 
            [active] => 1
        )

    [2] => Array
        (
            [id] => 9
            [name] => Art
            [description] => 
            [active] => 1
        )

)

listCategories called with langId: 1
Returning: Array
(
    [0] => Array
        (
            [id] => 3
            [name] => Vêtements
            [description] => 
            [active] => 1
        )

    [1] => Array
        (
            [id] => 6
            [name] => Accessoires
            [description] => 
            [active] => 1
        )

    [2] => Array
        (
            [id] => 9
            [name] => Art
            [description] => 
            [active] => 1
        )

)

listCategories called with langId: 1
Returning: Array
(
    [0] => Array
        (
            [id] => 3
            [name] => Vêtements
            [description] => 
            [active] => 1
        )

    [1] => Array
        (
            [id] => 6
            [name] => Accessoires
            [description] => 
            [active] => 1
        )

    [2] => Array
        (
            [id] => 9
            [name] => Art
            [description] => 
            [active] => 1
        )

)

listCategories called with langId: 1
Returning: Array
(
    [0] => Array
        (
            [id] => 3
            [name] => Vêtements
            [description] => 
            [active] => 1
        )

    [1] => Array
        (
            [id] => 6
            [name] => Accessoires
            [description] => 
            [active] => 1
        )

    [2] => Array
        (
            [id] => 9
            [name] => Art
            [description] => 
            [active] => 1
        )

)

listCategories called with langId: 1
Returning: Array
(
    [0] => Array
        (
            [id] => 3
            [name] => Vêtements
            [description] => 
            [active] => 1
        )

    [1] => Array
        (
            [id] => 6
            [name] => Accessoires
            [description] => 
            [active] => 1
        )

    [2] => Array
        (
            [id] => 9
            [name] => Art
            [description] => 
            [active] => 1
        )

)

listCategories called with langId: 1
Returning: Array
(
    [0] => Array
        (
            [id] => 3
            [name] => Vêtements
            [description] => 
            [active] => 1
        )

    [1] => Array
        (
            [id] => 6
            [name] => Accessoires
            [description] => 
            [active] => 1
        )

    [2] => Array
        (
            [id] => 9
            [name] => Art
            [description] => 
            [active] => 1
        )

)

